<?xml version="1.0" encoding="UTF-8"?>
<!-- Generated by org.testng.reporters.JUnitReportReporter -->
<testsuite hostname="Susant-Desktop" failures="0" tests="1" name="org.Parallel.Test1" time="0.003" errors="0" timestamp="11 Sep 2023 00:35:50 GMT" skipped="0">
  <testcase classname="org.Parallel.Test1" name="test" time="0.003"/>
</testsuite> <!-- org.Parallel.Test1 -->
