<?xml version="1.0" encoding="UTF-8"?>
<!-- Generated by org.testng.reporters.JUnitReportReporter -->
<testsuite hostname="Susant-Desktop" failures="0" tests="3" name="org.sequences.Group" time="0.018" errors="0" timestamp="11 Sep 2023 00:19:11 GMT" skipped="0">
  <testcase classname="org.sequences.Group" name="test03" time="0.001"/>
  <testcase classname="org.sequences.Group" name="test01" time="0.014"/>
  <testcase classname="org.sequences.Group" name="test02" time="0.003"/>
</testsuite> <!-- org.sequences.Group -->
