<?xml version="1.0" encoding="UTF-8"?>
<!-- Generated by org.testng.reporters.JUnitReportReporter -->
<testsuite hostname="Susant-Desktop" failures="0" tests="7" name="org.sequences.AddactPagemethod" time="46.975" errors="0" timestamp="11 Sep 2023 00:19:11 GMT" skipped="1">
  <testcase classname="org.sequences.AddactPagemethod" name="Booknow" time="9.405"/>
  <testcase classname="org.sequences.AddactPagemethod" name="Searchhotel" time="13.180"/>
  <testcase classname="org.sequences.AddactPagemethod" name="login" time="6.766"/>
  <testcase classname="org.sequences.AddactPagemethod" name="Selecthotel" time="2.741"/>
  <testcase classname="org.sequences.AddactPagemethod" name="Bookingconfirm" time="2.757"/>
  <testcase classname="org.sequences.AddactPagemethod" name="login" time="12.126"/>
  <testcase classname="org.sequences.AddactPagemethod" name="logout">
    <skipped/>
  </testcase> <!-- logout -->
</testsuite> <!-- org.sequences.AddactPagemethod -->
