<?xml version="1.0" encoding="UTF-8"?>
<!-- Generated by org.testng.reporters.JUnitReportReporter -->
<testsuite hostname="Susant-Desktop" failures="0" tests="1" name="AdactTest.Addact_4_InvalidPass" time="9.630" errors="0" timestamp="11 Sep 2023 00:55:55 GMT" skipped="0">
  <testcase classname="AdactTest.Addact_4_InvalidPass" name="test01" time="9.630"/>
</testsuite> <!-- AdactTest.Addact_4_InvalidPass -->
