<?xml version="1.0" encoding="UTF-8"?>
<!-- Generated by org.testng.reporters.JUnitReportReporter -->
<testsuite hostname="Susant-Desktop" failures="0" tests="2" name="org.DataProvider.TestDataProviderBasic2" time="25.981" errors="0" timestamp="14 Sep 2023 03:10:01 GMT" skipped="0">
  <testcase classname="org.DataProvider.TestDataProviderBasic2" name="login" time="13.001"/>
  <testcase classname="org.DataProvider.TestDataProviderBasic2" name="login" time="12.980"/>
</testsuite> <!-- org.DataProvider.TestDataProviderBasic2 -->
