<?xml version="1.0" encoding="UTF-8"?>
<!-- Generated by org.testng.reporters.JUnitReportReporter -->
<testsuite hostname="Susant-Desktop" failures="0" tests="1" name="org.Parallel.Test3" time="0.006" errors="0" timestamp="11 Sep 2023 00:24:54 GMT" skipped="0">
  <testcase classname="org.Parallel.Test3" name="test" time="0.006"/>
</testsuite> <!-- org.Parallel.Test3 -->
