<?xml version="1.0" encoding="UTF-8"?>
<!-- Generated by org.testng.reporters.JUnitReportReporter -->
<testsuite hostname="Susant-Desktop" failures="0" tests="1" name="org.Parameters.TestParameters" time="8.025" errors="0" timestamp="11 Sep 2023 05:02:04 GMT" skipped="0">
  <testcase classname="org.Parameters.TestParameters" name="login" time="8.025"/>
</testsuite> <!-- org.Parameters.TestParameters -->
