<?xml version="1.0" encoding="UTF-8"?>
<!-- Generated by org.testng.reporters.JUnitReportReporter -->
<testsuite hostname="Susant-Desktop" failures="0" tests="1" name="org.sequences.Test1" time="0.001" errors="0" timestamp="11 Sep 2023 00:19:11 GMT" skipped="0">
  <testcase classname="org.sequences.Test1" name="test" time="0.001"/>
</testsuite> <!-- org.sequences.Test1 -->
