<?xml version="1.0" encoding="UTF-8"?>
<!-- Generated by org.testng.reporters.JUnitReportReporter -->
<testsuite hostname="Susant-Desktop" failures="0" tests="5" name="org.testng.TestBasics1" time="0.020" errors="0" timestamp="07 Sep 2023 07:15:12 GMT" skipped="0">
  <testcase classname="org.testng.TestBasics1" name="test03" time="0.001"/>
  <testcase classname="org.testng.TestBasics1" name="test01" time="0.002"/>
  <testcase classname="org.testng.TestBasics1" name="test01" time="0.012"/>
  <testcase classname="org.testng.TestBasics1" name="test02" time="0.003"/>
  <testcase classname="org.testng.TestBasics1" name="test02" time="0.002"/>
</testsuite> <!-- org.testng.TestBasics1 -->
