<?xml version="1.0" encoding="UTF-8"?>
<!-- Generated by org.testng.reporters.JUnitReportReporter -->
<testsuite hostname="Susant-Desktop" failures="0" tests="1" name="org.sequences.Test2" time="0.002" errors="0" timestamp="11 Sep 2023 00:19:11 GMT" skipped="0">
  <testcase classname="org.sequences.Test2" name="test" time="0.002"/>
</testsuite> <!-- org.sequences.Test2 -->
