<?xml version="1.0" encoding="UTF-8"?>
<!-- Generated by org.testng.reporters.JUnitReportReporter -->
<testsuite hostname="Susant-Desktop" failures="0" tests="2" name="org.DataProvider.TestDataProvider" time="17.353" errors="0" timestamp="11 Sep 2023 05:26:04 GMT" skipped="0">
  <testcase classname="org.DataProvider.TestDataProvider" name="login" time="9.776"/>
  <testcase classname="org.DataProvider.TestDataProvider" name="login" time="7.577"/>
</testsuite> <!-- org.DataProvider.TestDataProvider -->
