<?xml version="1.0" encoding="UTF-8"?>
<!-- Generated by org.testng.reporters.JUnitReportReporter -->
<testsuite hostname="Susant-Desktop" failures="0" tests="3" name="org.testCrossB.CrossBrowser" time="31.209" errors="0" timestamp="14 Sep 2023 05:43:43 GMT" skipped="0">
  <testcase classname="org.testCrossB.CrossBrowser" name="crossBrowser" time="10.139"/>
  <testcase classname="org.testCrossB.CrossBrowser" name="crossBrowser" time="8.305"/>
  <testcase classname="org.testCrossB.CrossBrowser" name="crossBrowser" time="12.765"/>
</testsuite> <!-- org.testCrossB.CrossBrowser -->
