<?xml version="1.0" encoding="UTF-8"?>
<!-- Generated by org.testng.reporters.JUnitReportReporter -->
<testsuite hostname="Susant-Desktop" failures="0" tests="10" name="org.Parallel.Group" time="0.099" errors="0" timestamp="11 Sep 2023 00:35:50 GMT" skipped="0">
  <testcase classname="org.Parallel.Group" name="test02" time="0.015"/>
  <testcase classname="org.Parallel.Group" name="test03" time="0.015"/>
  <testcase classname="org.Parallel.Group" name="test06" time="0.008"/>
  <testcase classname="org.Parallel.Group" name="test04" time="0.015"/>
  <testcase classname="org.Parallel.Group" name="test08" time="0.004"/>
  <testcase classname="org.Parallel.Group" name="test10" time="0.011"/>
  <testcase classname="org.Parallel.Group" name="test05" time="0.014"/>
  <testcase classname="org.Parallel.Group" name="test09" time="0.002"/>
  <testcase classname="org.Parallel.Group" name="test01" time="0.015"/>
  <testcase classname="org.Parallel.Group" name="test07" time="0.000"/>
</testsuite> <!-- org.Parallel.Group -->
