<?xml version="1.0" encoding="UTF-8"?>
<!-- Generated by org.testng.reporters.JUnitReportReporter -->
<testsuite hostname="Susant-Desktop" failures="0" tests="7" name="org.testng.AddactPagemethod" time="42.164" errors="0" timestamp="08 Sep 2023 03:24:20 GMT" skipped="1">
  <testcase classname="org.testng.AddactPagemethod" name="Selecthotel" time="2.350"/>
  <testcase classname="org.testng.AddactPagemethod" name="Booknow" time="9.102"/>
  <testcase classname="org.testng.AddactPagemethod" name="login" time="9.624"/>
  <testcase classname="org.testng.AddactPagemethod" name="login" time="6.183"/>
  <testcase classname="org.testng.AddactPagemethod" name="Searchhotel" time="12.480"/>
  <testcase classname="org.testng.AddactPagemethod" name="Bookingconfirm" time="2.425"/>
  <testcase classname="org.testng.AddactPagemethod" name="logout">
    <skipped/>
  </testcase> <!-- logout -->
</testsuite> <!-- org.testng.AddactPagemethod -->
