<?xml version="1.0" encoding="UTF-8"?>
<!-- Generated by org.testng.reporters.JUnitReportReporter -->
<testsuite hostname="Susant-Desktop" failures="0" tests="2" name="org.Group.Group" time="0.015" errors="0" timestamp="10 Sep 2023 23:46:23 GMT" skipped="0">
  <testcase classname="org.Group.Group" name="test02" time="0.012"/>
  <testcase classname="org.Group.Group" name="test03" time="0.003"/>
</testsuite> <!-- org.Group.Group -->
