<?xml version="1.0" encoding="UTF-8"?>
<!-- Generated by org.testng.reporters.JUnitReportReporter -->
<testsuite hostname="Susant-Desktop" failures="0" tests="1" name="org.testng.BasicClass" time="0.008" errors="0" timestamp="07 Sep 2023 03:17:58 GMT" skipped="0">
  <testcase classname="org.testng.BasicClass" name="test1" time="0.008"/>
</testsuite> <!-- org.testng.BasicClass -->
