<?xml version="1.0" encoding="UTF-8"?>
<!-- Generated by org.testng.reporters.JUnitReportReporter -->
<testsuite hostname="Susant-Desktop" failures="0" tests="2" name="org.DataProvider.TestDataProviderBasic" time="18.896" errors="0" timestamp="13 Sep 2023 03:13:18 GMT" skipped="0">
  <testcase classname="org.DataProvider.TestDataProviderBasic" name="login" time="7.022"/>
  <testcase classname="org.DataProvider.TestDataProviderBasic" name="login" time="11.874"/>
</testsuite> <!-- org.DataProvider.TestDataProviderBasic -->
