<?xml version="1.0" encoding="UTF-8"?>
<!-- Generated by org.testng.reporters.JUnitReportReporter -->
<testsuite hostname="Susant-Desktop" failures="0" tests="1" name="AdactTest.Addact_3_InvalidUsrnameSpecial" time="9.867" errors="0" timestamp="11 Sep 2023 00:55:55 GMT" skipped="0">
  <testcase classname="AdactTest.Addact_3_InvalidUsrnameSpecial" name="test01" time="9.867"/>
</testsuite> <!-- AdactTest.Addact_3_InvalidUsrnameSpecial -->
