<?xml version="1.0" encoding="UTF-8"?>
<!-- Generated by org.testng.reporters.JUnitReportReporter -->
<testsuite hostname="Susant-Desktop" failures="0" tests="1" name="org.Parallel.Test6" time="0.013" errors="0" timestamp="11 Sep 2023 00:24:54 GMT" skipped="0">
  <testcase classname="org.Parallel.Test6" name="test" time="0.013"/>
</testsuite> <!-- org.Parallel.Test6 -->
